app/build/intermediates/manifest_merge_blame_file/release/manifest-merger-blame-release-report.txt
1<?xml version="1.0" encoding="utf-8"?>
2<manifest xmlns:android="http://schemas.android.com/apk/res/android"
3    package="com.yakthung.keyboard"
4    android:versionCode="1"
5    android:versionName="1.0" >
6
7    <uses-sdk
8        android:minSdkVersion="21"
8-->src/main/AndroidManifest.xml
9        android:targetSdkVersion="33" />
9-->src/main/AndroidManifest.xml
10
11    <!-- Permissions -->
12    <uses-permission android:name="android.permission.BIND_INPUT_METHOD" />
12-->src/main/AndroidManifest.xml:6:5-8:47
12-->src/main/AndroidManifest.xml:7:9-60
13
14    <permission
14-->[androidx.core:core:1.9.0] AndroidManifest.xml:22:5-24:47
15        android:name="com.yakthung.keyboard.DYNAMIC_RECEIVER_NOT_EXPORTED_PERMISSION"
15-->[androidx.core:core:1.9.0] AndroidManifest.xml:23:9-81
16        android:protectionLevel="signature" />
16-->[androidx.core:core:1.9.0] AndroidManifest.xml:24:9-44
17
18    <uses-permission android:name="com.yakthung.keyboard.DYNAMIC_RECEIVER_NOT_EXPORTED_PERMISSION" />
18-->[androidx.core:core:1.9.0] AndroidManifest.xml:26:5-97
18-->[androidx.core:core:1.9.0] AndroidManifest.xml:26:22-94
19
20    <application
20-->src/main/AndroidManifest.xml:10:5-42:19
21        android:allowBackup="true"
21-->src/main/AndroidManifest.xml:11:9-35
22        android:appComponentFactory="androidx.core.app.CoreComponentFactory"
22-->[androidx.core:core:1.9.0] AndroidManifest.xml:28:18-86
23        android:icon="@mipmap/ic_launcher"
23-->src/main/AndroidManifest.xml:12:9-43
24        android:label="@string/app_name"
24-->src/main/AndroidManifest.xml:14:9-41
25        android:roundIcon="@mipmap/ic_launcher_round"
25-->src/main/AndroidManifest.xml:13:9-54
26        android:supportsRtl="true"
26-->src/main/AndroidManifest.xml:15:9-35
27        android:theme="@style/AppTheme" >
27-->src/main/AndroidManifest.xml:16:9-40
28
29        <!-- Main Activity Declaration -->
30        <activity
30-->src/main/AndroidManifest.xml:19:9-27:20
31            android:name="com.yakthung.keyboard.MainActivity"
31-->src/main/AndroidManifest.xml:20:13-41
32            android:exported="true"
32-->src/main/AndroidManifest.xml:22:13-36
33            android:label="@string/app_name" >
33-->src/main/AndroidManifest.xml:21:13-45
34            <intent-filter>
34-->src/main/AndroidManifest.xml:23:13-26:29
35                <action android:name="android.intent.action.MAIN" />
35-->src/main/AndroidManifest.xml:24:17-69
35-->src/main/AndroidManifest.xml:24:25-66
36
37                <category android:name="android.intent.category.LAUNCHER" />
37-->src/main/AndroidManifest.xml:25:17-77
37-->src/main/AndroidManifest.xml:25:27-74
38            </intent-filter>
39        </activity>
40
41        <!-- Keyboard Service Declaration -->
42        <service
42-->src/main/AndroidManifest.xml:30:9-40:19
43            android:name="com.yakthung.keyboard.YakthungKeyboardService"
43-->src/main/AndroidManifest.xml:31:13-52
44            android:exported="true"
44-->src/main/AndroidManifest.xml:33:13-36
45            android:permission="android.permission.BIND_INPUT_METHOD" >
45-->src/main/AndroidManifest.xml:32:13-70
46            <intent-filter>
46-->src/main/AndroidManifest.xml:34:13-36:29
47                <action android:name="android.view.InputMethod" />
47-->src/main/AndroidManifest.xml:35:17-67
47-->src/main/AndroidManifest.xml:35:25-64
48            </intent-filter>
49
50            <meta-data
50-->src/main/AndroidManifest.xml:37:13-39:50
51                android:name="android.view.im"
51-->src/main/AndroidManifest.xml:38:17-47
52                android:resource="@xml/method" />
52-->src/main/AndroidManifest.xml:39:17-47
53        </service>
54
55        <provider
55-->[androidx.emoji2:emoji2:1.2.0] AndroidManifest.xml:24:9-32:20
56            android:name="androidx.startup.InitializationProvider"
56-->[androidx.emoji2:emoji2:1.2.0] AndroidManifest.xml:25:13-67
57            android:authorities="com.yakthung.keyboard.androidx-startup"
57-->[androidx.emoji2:emoji2:1.2.0] AndroidManifest.xml:26:13-68
58            android:exported="false" >
58-->[androidx.emoji2:emoji2:1.2.0] AndroidManifest.xml:27:13-37
59            <meta-data
59-->[androidx.emoji2:emoji2:1.2.0] AndroidManifest.xml:29:13-31:52
60                android:name="androidx.emoji2.text.EmojiCompatInitializer"
60-->[androidx.emoji2:emoji2:1.2.0] AndroidManifest.xml:30:17-75
61                android:value="androidx.startup" />
61-->[androidx.emoji2:emoji2:1.2.0] AndroidManifest.xml:31:17-49
62            <meta-data
62-->[androidx.lifecycle:lifecycle-process:2.4.1] AndroidManifest.xml:31:13-33:52
63                android:name="androidx.lifecycle.ProcessLifecycleInitializer"
63-->[androidx.lifecycle:lifecycle-process:2.4.1] AndroidManifest.xml:32:17-78
64                android:value="androidx.startup" />
64-->[androidx.lifecycle:lifecycle-process:2.4.1] AndroidManifest.xml:33:17-49
65        </provider>
66    </application>
67
68</manifest>